apps/mobile-android/app/build/intermediates/manifest_merge_blame_file/debug/processDebugMainManifest/manifest-merger-blame-debug-report.txt
1<?xml version="1.0" encoding="utf-8"?>
2<manifest xmlns:android="http://schemas.android.com/apk/res/android"
3    package="com.haida.hubapp"
4    android:versionCode="1"
5    android:versionName="0.1.0" >
6
7    <uses-sdk
8        android:minSdkVersion="26"
9        android:targetSdkVersion="34" />
10
11    <uses-permission android:name="android.permission.INTERNET" />
11-->src/main/AndroidManifest.xml:3:5-67
11-->src/main/AndroidManifest.xml:3:22-64
12    <uses-permission android:name="android.permission.ACCESS_NETWORK_STATE" />
12-->src/main/AndroidManifest.xml:4:5-79
12-->src/main/AndroidManifest.xml:4:22-76
13    <uses-permission android:name="android.permission.POST_NOTIFICATIONS" />
13-->src/main/AndroidManifest.xml:5:5-77
13-->src/main/AndroidManifest.xml:5:22-74
14    <uses-permission android:name="android.permission.USE_BIOMETRIC" />
14-->src/main/AndroidManifest.xml:6:5-72
14-->src/main/AndroidManifest.xml:6:22-69
15    <uses-permission android:name="android.permission.USE_FINGERPRINT" />
15-->src/main/AndroidManifest.xml:7:5-74
15-->src/main/AndroidManifest.xml:7:22-71
16    <uses-permission android:name="android.permission.RECEIVE_BOOT_COMPLETED" />
16-->src/main/AndroidManifest.xml:8:5-81
16-->src/main/AndroidManifest.xml:8:22-78
17    <uses-permission android:name="android.permission.WAKE_LOCK" /> <!-- Required by older versions of Google Play services to create IID tokens -->
17-->[com.google.firebase:firebase-messaging:24.0.0] AndroidManifest.xml:24:5-68
17-->[com.google.firebase:firebase-messaging:24.0.0] AndroidManifest.xml:24:22-65
18    <uses-permission android:name="com.google.android.c2dm.permission.RECEIVE" />
18-->[com.google.firebase:firebase-messaging:24.0.0] AndroidManifest.xml:26:5-82
18-->[com.google.firebase:firebase-messaging:24.0.0] AndroidManifest.xml:26:22-79
19    <uses-permission android:name="android.permission.FOREGROUND_SERVICE" />
19-->[androidx.work:work-runtime:2.9.1] AndroidManifest.xml:26:5-77
19-->[androidx.work:work-runtime:2.9.1] AndroidManifest.xml:26:22-74
20
21    <permission
21-->[androidx.core:core:1.13.1] AndroidManifest.xml:22:5-24:47
22        android:name="com.haida.hubapp.DYNAMIC_RECEIVER_NOT_EXPORTED_PERMISSION"
22-->[androidx.core:core:1.13.1] AndroidManifest.xml:23:9-81
23        android:protectionLevel="signature" />
23-->[androidx.core:core:1.13.1] AndroidManifest.xml:24:9-44
24
25    <uses-permission android:name="com.haida.hubapp.DYNAMIC_RECEIVER_NOT_EXPORTED_PERMISSION" />
25-->[androidx.core:core:1.13.1] AndroidManifest.xml:26:5-97
25-->[androidx.core:core:1.13.1] AndroidManifest.xml:26:22-94
26
27    <application
27-->src/main/AndroidManifest.xml:10:5-36:19
28        android:name="com.haida.hubapp.HaidaHubApp"
28-->src/main/AndroidManifest.xml:11:9-36
29        android:allowBackup="false"
29-->src/main/AndroidManifest.xml:12:9-36
30        android:appComponentFactory="androidx.core.app.CoreComponentFactory"
30-->[androidx.core:core:1.13.1] AndroidManifest.xml:28:18-86
31        android:debuggable="true"
32        android:extractNativeLibs="false"
33        android:icon="@mipmap/ic_launcher"
33-->src/main/AndroidManifest.xml:14:9-43
34        android:label="Haida Hub"
34-->src/main/AndroidManifest.xml:13:9-34
35        android:roundIcon="@mipmap/ic_launcher_round"
35-->src/main/AndroidManifest.xml:15:9-54
36        android:supportsRtl="true"
36-->src/main/AndroidManifest.xml:16:9-35
37        android:theme="@style/Theme.HaidaHub" >
37-->src/main/AndroidManifest.xml:17:9-46
38        <activity
38-->src/main/AndroidManifest.xml:19:9-26:20
39            android:name="com.haida.hubapp.MainActivity"
39-->src/main/AndroidManifest.xml:20:13-41
40            android:exported="true" >
40-->src/main/AndroidManifest.xml:21:13-36
41            <intent-filter>
41-->src/main/AndroidManifest.xml:22:13-25:29
42                <action android:name="android.intent.action.MAIN" />
42-->src/main/AndroidManifest.xml:23:17-69
42-->src/main/AndroidManifest.xml:23:25-66
43
44                <category android:name="android.intent.category.LAUNCHER" />
44-->src/main/AndroidManifest.xml:24:17-77
44-->src/main/AndroidManifest.xml:24:27-74
45            </intent-filter>
46        </activity>
47
48        <service
48-->src/main/AndroidManifest.xml:28:9-34:19
49            android:name="com.haida.hubapp.notifications.HubMessagingService"
49-->src/main/AndroidManifest.xml:29:13-62
50            android:exported="false" >
50-->src/main/AndroidManifest.xml:30:13-37
51            <intent-filter>
51-->src/main/AndroidManifest.xml:31:13-33:29
52                <action android:name="com.google.firebase.MESSAGING_EVENT" />
52-->src/main/AndroidManifest.xml:32:17-78
52-->src/main/AndroidManifest.xml:32:25-75
53            </intent-filter>
54        </service>
55        <service
55-->[com.google.firebase:firebase-messaging-ktx:24.0.0] AndroidManifest.xml:23:9-29:19
56            android:name="com.google.firebase.components.ComponentDiscoveryService"
56-->[com.google.firebase:firebase-messaging-ktx:24.0.0] AndroidManifest.xml:24:13-84
57            android:directBootAware="true"
57-->[com.google.firebase:firebase-common:21.0.0] AndroidManifest.xml:32:13-43
58            android:exported="false" >
58-->[com.google.firebase:firebase-messaging-ktx:24.0.0] AndroidManifest.xml:25:13-37
59            <meta-data
59-->[com.google.firebase:firebase-messaging-ktx:24.0.0] AndroidManifest.xml:26:13-28:85
60                android:name="com.google.firebase.components:com.google.firebase.messaging.ktx.FirebaseMessagingLegacyRegistrar"
60-->[com.google.firebase:firebase-messaging-ktx:24.0.0] AndroidManifest.xml:27:17-129
61                android:value="com.google.firebase.components.ComponentRegistrar" />
61-->[com.google.firebase:firebase-messaging-ktx:24.0.0] AndroidManifest.xml:28:17-82
62            <meta-data
62-->[com.google.firebase:firebase-messaging:24.0.0] AndroidManifest.xml:57:13-59:85
63                android:name="com.google.firebase.components:com.google.firebase.messaging.FirebaseMessagingKtxRegistrar"
63-->[com.google.firebase:firebase-messaging:24.0.0] AndroidManifest.xml:58:17-122
64                android:value="com.google.firebase.components.ComponentRegistrar" />
64-->[com.google.firebase:firebase-messaging:24.0.0] AndroidManifest.xml:59:17-82
65            <meta-data
65-->[com.google.firebase:firebase-messaging:24.0.0] AndroidManifest.xml:60:13-62:85
66                android:name="com.google.firebase.components:com.google.firebase.messaging.FirebaseMessagingRegistrar"
66-->[com.google.firebase:firebase-messaging:24.0.0] AndroidManifest.xml:61:17-119
67                android:value="com.google.firebase.components.ComponentRegistrar" />
67-->[com.google.firebase:firebase-messaging:24.0.0] AndroidManifest.xml:62:17-82
68            <meta-data
68-->[com.google.firebase:firebase-installations:17.2.0] AndroidManifest.xml:15:13-17:85
69                android:name="com.google.firebase.components:com.google.firebase.installations.FirebaseInstallationsKtxRegistrar"
69-->[com.google.firebase:firebase-installations:17.2.0] AndroidManifest.xml:16:17-130
70                android:value="com.google.firebase.components.ComponentRegistrar" />
70-->[com.google.firebase:firebase-installations:17.2.0] AndroidManifest.xml:17:17-82
71            <meta-data
71-->[com.google.firebase:firebase-installations:17.2.0] AndroidManifest.xml:18:13-20:85
72                android:name="com.google.firebase.components:com.google.firebase.installations.FirebaseInstallationsRegistrar"
72-->[com.google.firebase:firebase-installations:17.2.0] AndroidManifest.xml:19:17-127
73                android:value="com.google.firebase.components.ComponentRegistrar" />
73-->[com.google.firebase:firebase-installations:17.2.0] AndroidManifest.xml:20:17-82
74            <meta-data
74-->[com.google.firebase:firebase-common-ktx:21.0.0] AndroidManifest.xml:12:13-14:85
75                android:name="com.google.firebase.components:com.google.firebase.ktx.FirebaseCommonLegacyRegistrar"
75-->[com.google.firebase:firebase-common-ktx:21.0.0] AndroidManifest.xml:13:17-116
76                android:value="com.google.firebase.components.ComponentRegistrar" />
76-->[com.google.firebase:firebase-common-ktx:21.0.0] AndroidManifest.xml:14:17-82
77            <meta-data
77-->[com.google.firebase:firebase-common:21.0.0] AndroidManifest.xml:35:13-37:85
78                android:name="com.google.firebase.components:com.google.firebase.FirebaseCommonKtxRegistrar"
78-->[com.google.firebase:firebase-common:21.0.0] AndroidManifest.xml:36:17-109
79                android:value="com.google.firebase.components.ComponentRegistrar" />
79-->[com.google.firebase:firebase-common:21.0.0] AndroidManifest.xml:37:17-82
80            <meta-data
80-->[com.google.firebase:firebase-datatransport:18.2.0] AndroidManifest.xml:25:13-27:85
81                android:name="com.google.firebase.components:com.google.firebase.datatransport.TransportRegistrar"
81-->[com.google.firebase:firebase-datatransport:18.2.0] AndroidManifest.xml:26:17-115
82                android:value="com.google.firebase.components.ComponentRegistrar" />
82-->[com.google.firebase:firebase-datatransport:18.2.0] AndroidManifest.xml:27:17-82
83        </service>
84
85        <receiver
85-->[com.google.firebase:firebase-messaging:24.0.0] AndroidManifest.xml:29:9-40:20
86            android:name="com.google.firebase.iid.FirebaseInstanceIdReceiver"
86-->[com.google.firebase:firebase-messaging:24.0.0] AndroidManifest.xml:30:13-78
87            android:exported="true"
87-->[com.google.firebase:firebase-messaging:24.0.0] AndroidManifest.xml:31:13-36
88            android:permission="com.google.android.c2dm.permission.SEND" >
88-->[com.google.firebase:firebase-messaging:24.0.0] AndroidManifest.xml:32:13-73
89            <intent-filter>
89-->[com.google.firebase:firebase-messaging:24.0.0] AndroidManifest.xml:33:13-35:29
90                <action android:name="com.google.android.c2dm.intent.RECEIVE" />
90-->[com.google.firebase:firebase-messaging:24.0.0] AndroidManifest.xml:34:17-81
90-->[com.google.firebase:firebase-messaging:24.0.0] AndroidManifest.xml:34:25-78
91            </intent-filter>
92
93            <meta-data
93-->[com.google.firebase:firebase-messaging:24.0.0] AndroidManifest.xml:37:13-39:40
94                android:name="com.google.android.gms.cloudmessaging.FINISHED_AFTER_HANDLED"
94-->[com.google.firebase:firebase-messaging:24.0.0] AndroidManifest.xml:38:17-92
95                android:value="true" />
95-->[com.google.firebase:firebase-messaging:24.0.0] AndroidManifest.xml:39:17-37
96        </receiver>
97        <!--
98             FirebaseMessagingService performs security checks at runtime,
99             but set to not exported to explicitly avoid allowing another app to call it.
100        -->
101        <service
101-->[com.google.firebase:firebase-messaging:24.0.0] AndroidManifest.xml:46:9-53:19
102            android:name="com.google.firebase.messaging.FirebaseMessagingService"
102-->[com.google.firebase:firebase-messaging:24.0.0] AndroidManifest.xml:47:13-82
103            android:directBootAware="true"
103-->[com.google.firebase:firebase-messaging:24.0.0] AndroidManifest.xml:48:13-43
104            android:exported="false" >
104-->[com.google.firebase:firebase-messaging:24.0.0] AndroidManifest.xml:49:13-37
105            <intent-filter android:priority="-500" >
105-->src/main/AndroidManifest.xml:31:13-33:29
106                <action android:name="com.google.firebase.MESSAGING_EVENT" />
106-->src/main/AndroidManifest.xml:32:17-78
106-->src/main/AndroidManifest.xml:32:25-75
107            </intent-filter>
108        </service>
109
110        <activity
110-->[com.google.android.gms:play-services-base:18.0.1] AndroidManifest.xml:20:9-22:45
111            android:name="com.google.android.gms.common.api.GoogleApiActivity"
111-->[com.google.android.gms:play-services-base:18.0.1] AndroidManifest.xml:20:19-85
112            android:exported="false"
112-->[com.google.android.gms:play-services-base:18.0.1] AndroidManifest.xml:22:19-43
113            android:theme="@android:style/Theme.Translucent.NoTitleBar" />
113-->[com.google.android.gms:play-services-base:18.0.1] AndroidManifest.xml:21:19-78
114
115        <provider
115-->[com.google.firebase:firebase-common:21.0.0] AndroidManifest.xml:23:9-28:39
116            android:name="com.google.firebase.provider.FirebaseInitProvider"
116-->[com.google.firebase:firebase-common:21.0.0] AndroidManifest.xml:24:13-77
117            android:authorities="com.haida.hubapp.firebaseinitprovider"
117-->[com.google.firebase:firebase-common:21.0.0] AndroidManifest.xml:25:13-72
118            android:directBootAware="true"
118-->[com.google.firebase:firebase-common:21.0.0] AndroidManifest.xml:26:13-43
119            android:exported="false"
119-->[com.google.firebase:firebase-common:21.0.0] AndroidManifest.xml:27:13-37
120            android:initOrder="100" />
120-->[com.google.firebase:firebase-common:21.0.0] AndroidManifest.xml:28:13-36
121
122        <service
122-->[androidx.room:room-runtime:2.6.1] AndroidManifest.xml:24:9-28:63
123            android:name="androidx.room.MultiInstanceInvalidationService"
123-->[androidx.room:room-runtime:2.6.1] AndroidManifest.xml:25:13-74
124            android:directBootAware="true"
124-->[androidx.room:room-runtime:2.6.1] AndroidManifest.xml:26:13-43
125            android:exported="false" />
125-->[androidx.room:room-runtime:2.6.1] AndroidManifest.xml:27:13-37
126
127        <provider
127-->[androidx.work:work-runtime:2.9.1] AndroidManifest.xml:29:9-37:20
128            android:name="androidx.startup.InitializationProvider"
128-->[androidx.work:work-runtime:2.9.1] AndroidManifest.xml:30:13-67
129            android:authorities="com.haida.hubapp.androidx-startup"
129-->[androidx.work:work-runtime:2.9.1] AndroidManifest.xml:31:13-68
130            android:exported="false" >
130-->[androidx.work:work-runtime:2.9.1] AndroidManifest.xml:32:13-37
131            <meta-data
131-->[androidx.work:work-runtime:2.9.1] AndroidManifest.xml:34:13-36:52
132                android:name="androidx.work.WorkManagerInitializer"
132-->[androidx.work:work-runtime:2.9.1] AndroidManifest.xml:35:17-68
133                android:value="androidx.startup" />
133-->[androidx.work:work-runtime:2.9.1] AndroidManifest.xml:36:17-49
134            <meta-data
134-->[androidx.emoji2:emoji2:1.3.0] AndroidManifest.xml:29:13-31:52
135                android:name="androidx.emoji2.text.EmojiCompatInitializer"
135-->[androidx.emoji2:emoji2:1.3.0] AndroidManifest.xml:30:17-75
136                android:value="androidx.startup" />
136-->[androidx.emoji2:emoji2:1.3.0] AndroidManifest.xml:31:17-49
137            <meta-data
137-->[androidx.lifecycle:lifecycle-process:2.8.6] AndroidManifest.xml:29:13-31:52
138                android:name="androidx.lifecycle.ProcessLifecycleInitializer"
138-->[androidx.lifecycle:lifecycle-process:2.8.6] AndroidManifest.xml:30:17-78
139                android:value="androidx.startup" />
139-->[androidx.lifecycle:lifecycle-process:2.8.6] AndroidManifest.xml:31:17-49
140            <meta-data
140-->[androidx.profileinstaller:profileinstaller:1.3.1] AndroidManifest.xml:29:13-31:52
141                android:name="androidx.profileinstaller.ProfileInstallerInitializer"
141-->[androidx.profileinstaller:profileinstaller:1.3.1] AndroidManifest.xml:30:17-85
142                android:value="androidx.startup" />
142-->[androidx.profileinstaller:profileinstaller:1.3.1] AndroidManifest.xml:31:17-49
143        </provider>
144
145        <service
145-->[androidx.work:work-runtime:2.9.1] AndroidManifest.xml:39:9-45:35
146            android:name="androidx.work.impl.background.systemalarm.SystemAlarmService"
146-->[androidx.work:work-runtime:2.9.1] AndroidManifest.xml:40:13-88
147            android:directBootAware="false"
147-->[androidx.work:work-runtime:2.9.1] AndroidManifest.xml:41:13-44
148            android:enabled="@bool/enable_system_alarm_service_default"
148-->[androidx.work:work-runtime:2.9.1] AndroidManifest.xml:42:13-72
149            android:exported="false" />
149-->[androidx.work:work-runtime:2.9.1] AndroidManifest.xml:43:13-37
150        <service
150-->[androidx.work:work-runtime:2.9.1] AndroidManifest.xml:46:9-52:35
151            android:name="androidx.work.impl.background.systemjob.SystemJobService"
151-->[androidx.work:work-runtime:2.9.1] AndroidManifest.xml:47:13-84
152            android:directBootAware="false"
152-->[androidx.work:work-runtime:2.9.1] AndroidManifest.xml:48:13-44
153            android:enabled="@bool/enable_system_job_service_default"
153-->[androidx.work:work-runtime:2.9.1] AndroidManifest.xml:49:13-70
154            android:exported="true"
154-->[androidx.work:work-runtime:2.9.1] AndroidManifest.xml:50:13-36
155            android:permission="android.permission.BIND_JOB_SERVICE" />
155-->[androidx.work:work-runtime:2.9.1] AndroidManifest.xml:51:13-69
156        <service
156-->[androidx.work:work-runtime:2.9.1] AndroidManifest.xml:53:9-59:35
157            android:name="androidx.work.impl.foreground.SystemForegroundService"
157-->[androidx.work:work-runtime:2.9.1] AndroidManifest.xml:54:13-81
158            android:directBootAware="false"
158-->[androidx.work:work-runtime:2.9.1] AndroidManifest.xml:55:13-44
159            android:enabled="@bool/enable_system_foreground_service_default"
159-->[androidx.work:work-runtime:2.9.1] AndroidManifest.xml:56:13-77
160            android:exported="false" />
160-->[androidx.work:work-runtime:2.9.1] AndroidManifest.xml:57:13-37
161
162        <receiver
162-->[androidx.work:work-runtime:2.9.1] AndroidManifest.xml:61:9-66:35
163            android:name="androidx.work.impl.utils.ForceStopRunnable$BroadcastReceiver"
163-->[androidx.work:work-runtime:2.9.1] AndroidManifest.xml:62:13-88
164            android:directBootAware="false"
164-->[androidx.work:work-runtime:2.9.1] AndroidManifest.xml:63:13-44
165            android:enabled="true"
165-->[androidx.work:work-runtime:2.9.1] AndroidManifest.xml:64:13-35
166            android:exported="false" />
166-->[androidx.work:work-runtime:2.9.1] AndroidManifest.xml:65:13-37
167        <receiver
167-->[androidx.work:work-runtime:2.9.1] AndroidManifest.xml:67:9-77:20
168            android:name="androidx.work.impl.background.systemalarm.ConstraintProxy$BatteryChargingProxy"
168-->[androidx.work:work-runtime:2.9.1] AndroidManifest.xml:68:13-106
169            android:directBootAware="false"
169-->[androidx.work:work-runtime:2.9.1] AndroidManifest.xml:69:13-44
170            android:enabled="false"
170-->[androidx.work:work-runtime:2.9.1] AndroidManifest.xml:70:13-36
171            android:exported="false" >
171-->[androidx.work:work-runtime:2.9.1] AndroidManifest.xml:71:13-37
172            <intent-filter>
172-->[androidx.work:work-runtime:2.9.1] AndroidManifest.xml:73:13-76:29
173                <action android:name="android.intent.action.ACTION_POWER_CONNECTED" />
173-->[androidx.work:work-runtime:2.9.1] AndroidManifest.xml:74:17-87
173-->[androidx.work:work-runtime:2.9.1] AndroidManifest.xml:74:25-84
174                <action android:name="android.intent.action.ACTION_POWER_DISCONNECTED" />
174-->[androidx.work:work-runtime:2.9.1] AndroidManifest.xml:75:17-90
174-->[androidx.work:work-runtime:2.9.1] AndroidManifest.xml:75:25-87
175            </intent-filter>
176        </receiver>
177        <receiver
177-->[androidx.work:work-runtime:2.9.1] AndroidManifest.xml:78:9-88:20
178            android:name="androidx.work.impl.background.systemalarm.ConstraintProxy$BatteryNotLowProxy"
178-->[androidx.work:work-runtime:2.9.1] AndroidManifest.xml:79:13-104
179            android:directBootAware="false"
179-->[androidx.work:work-runtime:2.9.1] AndroidManifest.xml:80:13-44
180            android:enabled="false"
180-->[androidx.work:work-runtime:2.9.1] AndroidManifest.xml:81:13-36
181            android:exported="false" >
181-->[androidx.work:work-runtime:2.9.1] AndroidManifest.xml:82:13-37
182            <intent-filter>
182-->[androidx.work:work-runtime:2.9.1] AndroidManifest.xml:84:13-87:29
183                <action android:name="android.intent.action.BATTERY_OKAY" />
183-->[androidx.work:work-runtime:2.9.1] AndroidManifest.xml:85:17-77
183-->[androidx.work:work-runtime:2.9.1] AndroidManifest.xml:85:25-74
184                <action android:name="android.intent.action.BATTERY_LOW" />
184-->[androidx.work:work-runtime:2.9.1] AndroidManifest.xml:86:17-76
184-->[androidx.work:work-runtime:2.9.1] AndroidManifest.xml:86:25-73
185            </intent-filter>
186        </receiver>
187        <receiver
187-->[androidx.work:work-runtime:2.9.1] AndroidManifest.xml:89:9-99:20
188            android:name="androidx.work.impl.background.systemalarm.ConstraintProxy$StorageNotLowProxy"
188-->[androidx.work:work-runtime:2.9.1] AndroidManifest.xml:90:13-104
189            android:directBootAware="false"
189-->[androidx.work:work-runtime:2.9.1] AndroidManifest.xml:91:13-44
190            android:enabled="false"
190-->[androidx.work:work-runtime:2.9.1] AndroidManifest.xml:92:13-36
191            android:exported="false" >
191-->[androidx.work:work-runtime:2.9.1] AndroidManifest.xml:93:13-37
192            <intent-filter>
192-->[androidx.work:work-runtime:2.9.1] AndroidManifest.xml:95:13-98:29
193                <action android:name="android.intent.action.DEVICE_STORAGE_LOW" />
193-->[androidx.work:work-runtime:2.9.1] AndroidManifest.xml:96:17-83
193-->[androidx.work:work-runtime:2.9.1] AndroidManifest.xml:96:25-80
194                <action android:name="android.intent.action.DEVICE_STORAGE_OK" />
194-->[androidx.work:work-runtime:2.9.1] AndroidManifest.xml:97:17-82
194-->[androidx.work:work-runtime:2.9.1] AndroidManifest.xml:97:25-79
195            </intent-filter>
196        </receiver>
197        <receiver
197-->[androidx.work:work-runtime:2.9.1] AndroidManifest.xml:100:9-109:20
198            android:name="androidx.work.impl.background.systemalarm.ConstraintProxy$NetworkStateProxy"
198-->[androidx.work:work-runtime:2.9.1] AndroidManifest.xml:101:13-103
199            android:directBootAware="false"
199-->[androidx.work:work-runtime:2.9.1] AndroidManifest.xml:102:13-44
200            android:enabled="false"
200-->[androidx.work:work-runtime:2.9.1] AndroidManifest.xml:103:13-36
201            android:exported="false" >
201-->[androidx.work:work-runtime:2.9.1] AndroidManifest.xml:104:13-37
202            <intent-filter>
202-->[androidx.work:work-runtime:2.9.1] AndroidManifest.xml:106:13-108:29
203                <action android:name="android.net.conn.CONNECTIVITY_CHANGE" />
203-->[androidx.work:work-runtime:2.9.1] AndroidManifest.xml:107:17-79
203-->[androidx.work:work-runtime:2.9.1] AndroidManifest.xml:107:25-76
204            </intent-filter>
205        </receiver>
206        <receiver
206-->[androidx.work:work-runtime:2.9.1] AndroidManifest.xml:110:9-121:20
207            android:name="androidx.work.impl.background.systemalarm.RescheduleReceiver"
207-->[androidx.work:work-runtime:2.9.1] AndroidManifest.xml:111:13-88
208            android:directBootAware="false"
208-->[androidx.work:work-runtime:2.9.1] AndroidManifest.xml:112:13-44
209            android:enabled="false"
209-->[androidx.work:work-runtime:2.9.1] AndroidManifest.xml:113:13-36
210            android:exported="false" >
210-->[androidx.work:work-runtime:2.9.1] AndroidManifest.xml:114:13-37
211            <intent-filter>
211-->[androidx.work:work-runtime:2.9.1] AndroidManifest.xml:116:13-120:29
212                <action android:name="android.intent.action.BOOT_COMPLETED" />
212-->[androidx.work:work-runtime:2.9.1] AndroidManifest.xml:117:17-79
212-->[androidx.work:work-runtime:2.9.1] AndroidManifest.xml:117:25-76
213                <action android:name="android.intent.action.TIME_SET" />
213-->[androidx.work:work-runtime:2.9.1] AndroidManifest.xml:118:17-73
213-->[androidx.work:work-runtime:2.9.1] AndroidManifest.xml:118:25-70
214                <action android:name="android.intent.action.TIMEZONE_CHANGED" />
214-->[androidx.work:work-runtime:2.9.1] AndroidManifest.xml:119:17-81
214-->[androidx.work:work-runtime:2.9.1] AndroidManifest.xml:119:25-78
215            </intent-filter>
216        </receiver>
217        <receiver
217-->[androidx.work:work-runtime:2.9.1] AndroidManifest.xml:122:9-131:20
218            android:name="androidx.work.impl.background.systemalarm.ConstraintProxyUpdateReceiver"
218-->[androidx.work:work-runtime:2.9.1] AndroidManifest.xml:123:13-99
219            android:directBootAware="false"
219-->[androidx.work:work-runtime:2.9.1] AndroidManifest.xml:124:13-44
220            android:enabled="@bool/enable_system_alarm_service_default"
220-->[androidx.work:work-runtime:2.9.1] AndroidManifest.xml:125:13-72
221            android:exported="false" >
221-->[androidx.work:work-runtime:2.9.1] AndroidManifest.xml:126:13-37
222            <intent-filter>
222-->[androidx.work:work-runtime:2.9.1] AndroidManifest.xml:128:13-130:29
223                <action android:name="androidx.work.impl.background.systemalarm.UpdateProxies" />
223-->[androidx.work:work-runtime:2.9.1] AndroidManifest.xml:129:17-98
223-->[androidx.work:work-runtime:2.9.1] AndroidManifest.xml:129:25-95
224            </intent-filter>
225        </receiver>
226        <receiver
226-->[androidx.work:work-runtime:2.9.1] AndroidManifest.xml:132:9-142:20
227            android:name="androidx.work.impl.diagnostics.DiagnosticsReceiver"
227-->[androidx.work:work-runtime:2.9.1] AndroidManifest.xml:133:13-78
228            android:directBootAware="false"
228-->[androidx.work:work-runtime:2.9.1] AndroidManifest.xml:134:13-44
229            android:enabled="true"
229-->[androidx.work:work-runtime:2.9.1] AndroidManifest.xml:135:13-35
230            android:exported="true"
230-->[androidx.work:work-runtime:2.9.1] AndroidManifest.xml:136:13-36
231            android:permission="android.permission.DUMP" >
231-->[androidx.work:work-runtime:2.9.1] AndroidManifest.xml:137:13-57
232            <intent-filter>
232-->[androidx.work:work-runtime:2.9.1] AndroidManifest.xml:139:13-141:29
233                <action android:name="androidx.work.diagnostics.REQUEST_DIAGNOSTICS" />
233-->[androidx.work:work-runtime:2.9.1] AndroidManifest.xml:140:17-88
233-->[androidx.work:work-runtime:2.9.1] AndroidManifest.xml:140:25-85
234            </intent-filter>
235        </receiver>
236
237        <meta-data
237-->[com.google.android.gms:play-services-basement:18.3.0] AndroidManifest.xml:21:9-23:69
238            android:name="com.google.android.gms.version"
238-->[com.google.android.gms:play-services-basement:18.3.0] AndroidManifest.xml:22:13-58
239            android:value="@integer/google_play_services_version" />
239-->[com.google.android.gms:play-services-basement:18.3.0] AndroidManifest.xml:23:13-66
240
241        <receiver
241-->[androidx.profileinstaller:profileinstaller:1.3.1] AndroidManifest.xml:34:9-52:20
242            android:name="androidx.profileinstaller.ProfileInstallReceiver"
242-->[androidx.profileinstaller:profileinstaller:1.3.1] AndroidManifest.xml:35:13-76
243            android:directBootAware="false"
243-->[androidx.profileinstaller:profileinstaller:1.3.1] AndroidManifest.xml:36:13-44
244            android:enabled="true"
244-->[androidx.profileinstaller:profileinstaller:1.3.1] AndroidManifest.xml:37:13-35
245            android:exported="true"
245-->[androidx.profileinstaller:profileinstaller:1.3.1] AndroidManifest.xml:38:13-36
246            android:permission="android.permission.DUMP" >
246-->[androidx.profileinstaller:profileinstaller:1.3.1] AndroidManifest.xml:39:13-57
247            <intent-filter>
247-->[androidx.profileinstaller:profileinstaller:1.3.1] AndroidManifest.xml:40:13-42:29
248                <action android:name="androidx.profileinstaller.action.INSTALL_PROFILE" />
248-->[androidx.profileinstaller:profileinstaller:1.3.1] AndroidManifest.xml:41:17-91
248-->[androidx.profileinstaller:profileinstaller:1.3.1] AndroidManifest.xml:41:25-88
249            </intent-filter>
250            <intent-filter>
250-->[androidx.profileinstaller:profileinstaller:1.3.1] AndroidManifest.xml:43:13-45:29
251                <action android:name="androidx.profileinstaller.action.SKIP_FILE" />
251-->[androidx.profileinstaller:profileinstaller:1.3.1] AndroidManifest.xml:44:17-85
251-->[androidx.profileinstaller:profileinstaller:1.3.1] AndroidManifest.xml:44:25-82
252            </intent-filter>
253            <intent-filter>
253-->[androidx.profileinstaller:profileinstaller:1.3.1] AndroidManifest.xml:46:13-48:29
254                <action android:name="androidx.profileinstaller.action.SAVE_PROFILE" />
254-->[androidx.profileinstaller:profileinstaller:1.3.1] AndroidManifest.xml:47:17-88
254-->[androidx.profileinstaller:profileinstaller:1.3.1] AndroidManifest.xml:47:25-85
255            </intent-filter>
256            <intent-filter>
256-->[androidx.profileinstaller:profileinstaller:1.3.1] AndroidManifest.xml:49:13-51:29
257                <action android:name="androidx.profileinstaller.action.BENCHMARK_OPERATION" />
257-->[androidx.profileinstaller:profileinstaller:1.3.1] AndroidManifest.xml:50:17-95
257-->[androidx.profileinstaller:profileinstaller:1.3.1] AndroidManifest.xml:50:25-92
258            </intent-filter>
259        </receiver>
260
261        <service
261-->[com.google.android.datatransport:transport-backend-cct:3.1.9] AndroidManifest.xml:28:9-34:19
262            android:name="com.google.android.datatransport.runtime.backends.TransportBackendDiscovery"
262-->[com.google.android.datatransport:transport-backend-cct:3.1.9] AndroidManifest.xml:29:13-103
263            android:exported="false" >
263-->[com.google.android.datatransport:transport-backend-cct:3.1.9] AndroidManifest.xml:30:13-37
264            <meta-data
264-->[com.google.android.datatransport:transport-backend-cct:3.1.9] AndroidManifest.xml:31:13-33:39